# JRE version: OpenJDK Runtime Environment (21.0.3) (build 21.0.3+-12282718-b509.11)
# Java VM: OpenJDK 64-Bit Server VM (21.0.3+-12282718-b509.11, mixed mode, tiered, compressed oops, compressed class ptrs, g1 gc, windows-amd64)
GC Precious Log:
 CardTable entry size: 512
 Card Set container configuration: InlinePtr #cards 5 size 8 Array Of Cards #cards 12 size 40 Howl #buckets 4 coarsen threshold 1843 Howl Bitmap #cards 512 size 80 coarsen threshold 460 Card regions per heap region 1 cards per card region 2048
 CPUs: 4 total, 4 available
 Memory: 7914M
 Large Page Support: Disabled
 NUMA Support: Disabled
 Compressed Oops: Enabled (32-bit)
 Heap Region Size: 1M
 Heap Min Capacity: 8M
 Heap Initial Capacity: 124M
 Heap Max Capacity: 1980M
 Pre-touch: Disabled
 Parallel Workers: 4
 Concurrent Workers: 1
 Concurrent Refinement Workers: 4
 Periodic GC: Disabled
Heap:
 garbage-first heap   total 99328K, used 56624K [0x0000000084400000, 0x0000000100000000)
  region size 1024K, 6 young (6144K), 4 survivors (4096K)
 Metaspace       used 69150K, committed 69952K, reserved 1114112K
  class space    used 7673K, committed 8064K, reserved 1048576K
GC Heap History (20 events):
Event: 4.084 GC heap before
{Heap before GC invocations=11 (full 0):
 garbage-first heap   total 51200K, used 41663K [0x0000000084400000, 0x0000000100000000)
  region size 1024K, 20 young (20480K), 3 survivors (3072K)
 Metaspace       used 44538K, committed 45248K, reserved 1114112K
  class space    used 5374K, committed 5696K, reserved 1048576K
}
Event: 4.095 GC heap after
{Heap after GC invocations=12 (full 0):
 garbage-first heap   total 61440K, used 28892K [0x0000000084400000, 0x0000000100000000)
  region size 1024K, 3 young (3072K), 3 survivors (3072K)
 Metaspace       used 44538K, committed 45248K, reserved 1114112K
  class space    used 5374K, committed 5696K, reserved 1048576K
}
Event: 4.345 GC heap before
{Heap before GC invocations=12 (full 0):
 garbage-first heap   total 61440K, used 48348K [0x0000000084400000, 0x0000000100000000)
  region size 1024K, 22 young (22528K), 3 survivors (3072K)
 Metaspace       used 45736K, committed 46464K, reserved 1114112K
  class space    used 5487K, committed 5824K, reserved 1048576K
}
Event: 4.351 GC heap after
{Heap after GC invocations=13 (full 0):
 garbage-first heap   total 61440K, used 31904K [0x0000000084400000, 0x0000000100000000)
  region size 1024K, 3 young (3072K), 3 survivors (3072K)
 Metaspace       used 45736K, committed 46464K, reserved 1114112K
  class space    used 5487K, committed 5824K, reserved 1048576K
}
Event: 4.894 GC heap before
{Heap before GC invocations=13 (full 0):
 garbage-first heap   total 61440K, used 50336K [0x0000000084400000, 0x0000000100000000)
  region size 1024K, 21 young (21504K), 3 survivors (3072K)
 Metaspace       used 48138K, committed 48832K, reserved 1114112K
  class space    used 5688K, committed 6016K, reserved 1048576K
}
Event: 4.906 GC heap after
{Heap after GC invocations=14 (full 0):
 garbage-first heap   total 61440K, used 35134K [0x0000000084400000, 0x0000000100000000)
  region size 1024K, 3 young (3072K), 3 survivors (3072K)
 Metaspace       used 48138K, committed 48832K, reserved 1114112K
  class space    used 5688K, committed 6016K, reserved 1048576K
}
Event: 5.204 GC heap before
{Heap before GC invocations=15 (full 0):
 garbage-first heap   total 63488K, used 51518K [0x0000000084400000, 0x0000000100000000)
  region size 1024K, 19 young (19456K), 3 survivors (3072K)
 Metaspace       used 48479K, committed 49152K, reserved 1114112K
  class space    used 5697K, committed 6016K, reserved 1048576K
}
Event: 5.217 GC heap after
{Heap after GC invocations=16 (full 0):
 garbage-first heap   total 63488K, used 38679K [0x0000000084400000, 0x0000000100000000)
  region size 1024K, 3 young (3072K), 3 survivors (3072K)
 Metaspace       used 48479K, committed 49152K, reserved 1114112K
  class space    used 5697K, committed 6016K, reserved 1048576K
}
Event: 5.403 GC heap before
{Heap before GC invocations=16 (full 0):
 garbage-first heap   total 63488K, used 54039K [0x0000000084400000, 0x0000000100000000)
  region size 1024K, 18 young (18432K), 3 survivors (3072K)
 Metaspace       used 48726K, committed 49408K, reserved 1114112K
  class space    used 5711K, committed 6016K, reserved 1048576K
}
Event: 5.416 GC heap after
{Heap after GC invocations=17 (full 0):
 garbage-first heap   total 63488K, used 39424K [0x0000000084400000, 0x0000000100000000)
  region size 1024K, 3 young (3072K), 3 survivors (3072K)
 Metaspace       used 48726K, committed 49408K, reserved 1114112K
  class space    used 5711K, committed 6016K, reserved 1048576K
}
Event: 5.518 GC heap before
{Heap before GC invocations=17 (full 0):
 garbage-first heap   total 63488K, used 54784K [0x0000000084400000, 0x0000000100000000)
  region size 1024K, 18 young (18432K), 3 survivors (3072K)
 Metaspace       used 49022K, committed 49728K, reserved 1114112K
  class space    used 5737K, committed 6080K, reserved 1048576K
}
Event: 5.524 GC heap after
{Heap after GC invocations=18 (full 0):
 garbage-first heap   total 93184K, used 41194K [0x0000000084400000, 0x0000000100000000)
  region size 1024K, 2 young (2048K), 2 survivors (2048K)
 Metaspace       used 49022K, committed 49728K, reserved 1114112K
  class space    used 5737K, committed 6080K, reserved 1048576K
}
Event: 5.850 GC heap before
{Heap before GC invocations=19 (full 0):
 garbage-first heap   total 99328K, used 74986K [0x0000000084400000, 0x0000000100000000)
  region size 1024K, 36 young (36864K), 2 survivors (2048K)
 Metaspace       used 51436K, committed 52160K, reserved 1114112K
  class space    used 6013K, committed 6400K, reserved 1048576K
}
Event: 5.857 GC heap after
{Heap after GC invocations=20 (full 0):
 garbage-first heap   total 99328K, used 42360K [0x0000000084400000, 0x0000000100000000)
  region size 1024K, 3 young (3072K), 3 survivors (3072K)
 Metaspace       used 51436K, committed 52160K, reserved 1114112K
  class space    used 6013K, committed 6400K, reserved 1048576K
}
Event: 7.607 GC heap before
{Heap before GC invocations=20 (full 0):
 garbage-first heap   total 99328K, used 89464K [0x0000000084400000, 0x0000000100000000)
  region size 1024K, 48 young (49152K), 3 survivors (3072K)
 Metaspace       used 56532K, committed 57280K, reserved 1114112K
  class space    used 6440K, committed 6784K, reserved 1048576K
}
Event: 7.629 GC heap after
{Heap after GC invocations=21 (full 0):
 garbage-first heap   total 99328K, used 47559K [0x0000000084400000, 0x0000000100000000)
  region size 1024K, 6 young (6144K), 6 survivors (6144K)
 Metaspace       used 56532K, committed 57280K, reserved 1114112K
  class space    used 6440K, committed 6784K, reserved 1048576K
}
Event: 8.402 GC heap before
{Heap before GC invocations=21 (full 0):
 garbage-first heap   total 99328K, used 84423K [0x0000000084400000, 0x0000000100000000)
  region size 1024K, 42 young (43008K), 6 survivors (6144K)
 Metaspace       used 62782K, committed 63552K, reserved 1114112K
  class space    used 7038K, committed 7424K, reserved 1048576K
}
Event: 8.424 GC heap after
{Heap after GC invocations=22 (full 0):
 garbage-first heap   total 99328K, used 52224K [0x0000000084400000, 0x0000000100000000)
  region size 1024K, 5 young (5120K), 5 survivors (5120K)
 Metaspace       used 62782K, committed 63552K, reserved 1114112K
  class space    used 7038K, committed 7424K, reserved 1048576K
}
Event: 9.218 GC heap before
{Heap before GC invocations=22 (full 0):
 garbage-first heap   total 99328K, used 87040K [0x0000000084400000, 0x0000000100000000)
  region size 1024K, 39 young (39936K), 5 survivors (5120K)
 Metaspace       used 68924K, committed 69696K, reserved 1114112K
  class space    used 7645K, committed 8000K, reserved 1048576K
}
Event: 9.231 GC heap after
{Heap after GC invocations=23 (full 0):
 garbage-first heap   total 99328K, used 55600K [0x0000000084400000, 0x0000000100000000)
  region size 1024K, 4 young (4096K), 4 survivors (4096K)
 Metaspace       used 68924K, committed 69696K, reserved 1114112K
  class space    used 7645K, committed 8000K, reserved 1048576K
}

