# JRE version: OpenJDK Runtime Environment (21.0.3) (build 21.0.3+-12282718-b509.11)
# Java VM: OpenJDK 64-Bit Server VM (21.0.3+-12282718-b509.11, mixed mode, tiered, compressed oops, compressed class ptrs, g1 gc, windows-amd64)
GC Precious Log:
 CardTable entry size: 512
 Card Set container configuration: InlinePtr #cards 5 size 8 Array Of Cards #cards 12 size 40 Howl #buckets 4 coarsen threshold 1843 Howl Bitmap #cards 512 size 80 coarsen threshold 460 Card regions per heap region 1 cards per card region 2048
 CPUs: 4 total, 4 available
 Memory: 7914M
 Large Page Support: Disabled
 NUMA Support: Disabled
 Compressed Oops: Enabled (32-bit)
 Heap Region Size: 1M
 Heap Min Capacity: 8M
 Heap Initial Capacity: 124M
 Heap Max Capacity: 2G
 Pre-touch: Disabled
 Parallel Workers: 4
 Concurrent Workers: 1
 Concurrent Refinement Workers: 4
 Periodic GC: Disabled
Heap:
 garbage-first heap   total 245760K, used 178751K [0x0000000080000000, 0x0000000100000000)
  region size 1024K, 57 young (58368K), 3 survivors (3072K)
 Metaspace       used 121295K, committed 123520K, reserved 1179648K
  class space    used 16599K, committed 17728K, reserved 1048576K
GC Heap History (20 events):
Event: 26.159 GC heap before
{Heap before GC invocations=38 (full 0):
 garbage-first heap   total 147456K, used 128179K [0x0000000080000000, 0x0000000100000000)
  region size 1024K, 42 young (43008K), 6 survivors (6144K)
 Metaspace       used 90109K, committed 92032K, reserved 1179648K
  class space    used 12213K, committed 13184K, reserved 1048576K
}
Event: 26.168 GC heap after
{Heap after GC invocations=39 (full 0):
 garbage-first heap   total 147456K, used 94709K [0x0000000080000000, 0x0000000100000000)
  region size 1024K, 3 young (3072K), 3 survivors (3072K)
 Metaspace       used 90109K, committed 92032K, reserved 1179648K
  class space    used 12213K, committed 13184K, reserved 1048576K
}
Event: 27.072 GC heap before
{Heap before GC invocations=40 (full 0):
 garbage-first heap   total 168960K, used 134645K [0x0000000080000000, 0x0000000100000000)
  region size 1024K, 41 young (41984K), 3 survivors (3072K)
 Metaspace       used 93206K, committed 95168K, reserved 1179648K
  class space    used 12777K, committed 13760K, reserved 1048576K
}
Event: 27.078 GC heap after
{Heap after GC invocations=41 (full 0):
 garbage-first heap   total 202752K, used 95448K [0x0000000080000000, 0x0000000100000000)
  region size 1024K, 3 young (3072K), 3 survivors (3072K)
 Metaspace       used 93206K, committed 95168K, reserved 1179648K
  class space    used 12777K, committed 13760K, reserved 1048576K
}
Event: 28.800 GC heap before
{Heap before GC invocations=41 (full 0):
 garbage-first heap   total 202752K, used 176344K [0x0000000080000000, 0x0000000100000000)
  region size 1024K, 82 young (83968K), 3 survivors (3072K)
 Metaspace       used 99140K, committed 101120K, reserved 1179648K
  class space    used 13645K, committed 14656K, reserved 1048576K
}
Event: 28.813 GC heap after
{Heap after GC invocations=42 (full 0):
 garbage-first heap   total 202752K, used 100057K [0x0000000080000000, 0x0000000100000000)
  region size 1024K, 8 young (8192K), 8 survivors (8192K)
 Metaspace       used 99140K, committed 101120K, reserved 1179648K
  class space    used 13645K, committed 14656K, reserved 1048576K
}
Event: 30.807 GC heap before
{Heap before GC invocations=42 (full 0):
 garbage-first heap   total 202752K, used 179929K [0x0000000080000000, 0x0000000100000000)
  region size 1024K, 86 young (88064K), 8 survivors (8192K)
 Metaspace       used 105774K, committed 107840K, reserved 1179648K
  class space    used 14570K, committed 15616K, reserved 1048576K
}
Event: 30.823 GC heap after
{Heap after GC invocations=43 (full 0):
 garbage-first heap   total 202752K, used 104252K [0x0000000080000000, 0x0000000100000000)
  region size 1024K, 10 young (10240K), 10 survivors (10240K)
 Metaspace       used 105774K, committed 107840K, reserved 1179648K
  class space    used 14570K, committed 15616K, reserved 1048576K
}
Event: 34.224 GC heap before
{Heap before GC invocations=43 (full 0):
 garbage-first heap   total 202752K, used 181052K [0x0000000080000000, 0x0000000100000000)
  region size 1024K, 85 young (87040K), 10 survivors (10240K)
 Metaspace       used 108778K, committed 110912K, reserved 1179648K
  class space    used 15050K, committed 16128K, reserved 1048576K
}
Event: 34.245 GC heap after
{Heap after GC invocations=44 (full 0):
 garbage-first heap   total 202752K, used 110908K [0x0000000080000000, 0x0000000100000000)
  region size 1024K, 11 young (11264K), 11 survivors (11264K)
 Metaspace       used 108778K, committed 110912K, reserved 1179648K
  class space    used 15050K, committed 16128K, reserved 1048576K
}
Event: 35.145 GC heap before
{Heap before GC invocations=44 (full 0):
 garbage-first heap   total 202752K, used 158012K [0x0000000080000000, 0x0000000100000000)
  region size 1024K, 59 young (60416K), 11 survivors (11264K)
 Metaspace       used 109352K, committed 111488K, reserved 1179648K
  class space    used 15149K, committed 16256K, reserved 1048576K
}
Event: 35.161 GC heap after
{Heap after GC invocations=45 (full 0):
 garbage-first heap   total 202752K, used 114666K [0x0000000080000000, 0x0000000100000000)
  region size 1024K, 6 young (6144K), 6 survivors (6144K)
 Metaspace       used 109352K, committed 111488K, reserved 1179648K
  class space    used 15149K, committed 16256K, reserved 1048576K
}
Event: 36.878 GC heap before
{Heap before GC invocations=46 (full 0):
 garbage-first heap   total 203776K, used 188394K [0x0000000080000000, 0x0000000100000000)
  region size 1024K, 74 young (75776K), 6 survivors (6144K)
 Metaspace       used 112449K, committed 114624K, reserved 1179648K
  class space    used 15453K, committed 16576K, reserved 1048576K
}
Event: 36.889 GC heap after
{Heap after GC invocations=47 (full 0):
 garbage-first heap   total 203776K, used 115712K [0x0000000080000000, 0x0000000100000000)
  region size 1024K, 7 young (7168K), 7 survivors (7168K)
 Metaspace       used 112449K, committed 114624K, reserved 1179648K
  class space    used 15453K, committed 16576K, reserved 1048576K
}
Event: 41.798 GC heap before
{Heap before GC invocations=47 (full 0):
 garbage-first heap   total 203776K, used 184320K [0x0000000080000000, 0x0000000100000000)
  region size 1024K, 75 young (76800K), 7 survivors (7168K)
 Metaspace       used 113980K, committed 116096K, reserved 1179648K
  class space    used 15640K, committed 16704K, reserved 1048576K
}
Event: 41.817 GC heap after
{Heap after GC invocations=48 (full 0):
 garbage-first heap   total 203776K, used 118443K [0x0000000080000000, 0x0000000100000000)
  region size 1024K, 9 young (9216K), 9 survivors (9216K)
 Metaspace       used 113980K, committed 116096K, reserved 1179648K
  class space    used 15640K, committed 16704K, reserved 1048576K
}
Event: 42.779 GC heap before
{Heap before GC invocations=48 (full 0):
 garbage-first heap   total 203776K, used 181931K [0x0000000080000000, 0x0000000100000000)
  region size 1024K, 72 young (73728K), 9 survivors (9216K)
 Metaspace       used 115457K, committed 117632K, reserved 1179648K
  class space    used 15796K, committed 16896K, reserved 1048576K
}
Event: 42.794 GC heap after
{Heap after GC invocations=49 (full 0):
 garbage-first heap   total 203776K, used 122132K [0x0000000080000000, 0x0000000100000000)
  region size 1024K, 6 young (6144K), 6 survivors (6144K)
 Metaspace       used 115457K, committed 117632K, reserved 1179648K
  class space    used 15796K, committed 16896K, reserved 1048576K
}
Event: 43.657 GC heap before
{Heap before GC invocations=50 (full 0):
 garbage-first heap   total 245760K, used 183572K [0x0000000080000000, 0x0000000100000000)
  region size 1024K, 67 young (68608K), 6 survivors (6144K)
 Metaspace       used 117011K, committed 119168K, reserved 1179648K
  class space    used 15999K, committed 17088K, reserved 1048576K
}
Event: 43.669 GC heap after
{Heap after GC invocations=51 (full 0):
 garbage-first heap   total 245760K, used 124479K [0x0000000080000000, 0x0000000100000000)
  region size 1024K, 3 young (3072K), 3 survivors (3072K)
 Metaspace       used 117011K, committed 119168K, reserved 1179648K
  class space    used 15999K, committed 17088K, reserved 1048576K
}

