# JRE version: OpenJDK Runtime Environment (21.0.3) (build 21.0.3+-12282718-b509.11)
# Java VM: OpenJDK 64-Bit Server VM (21.0.3+-12282718-b509.11, mixed mode, tiered, compressed oops, compressed class ptrs, g1 gc, windows-amd64)
GC Precious Log:
 CardTable entry size: 512
 Card Set container configuration: InlinePtr #cards 5 size 8 Array Of Cards #cards 12 size 40 Howl #buckets 4 coarsen threshold 1843 Howl Bitmap #cards 512 size 80 coarsen threshold 460 Card regions per heap region 1 cards per card region 2048
 CPUs: 4 total, 4 available
 Memory: 7914M
 Large Page Support: Disabled
 NUMA Support: Disabled
 Compressed Oops: Enabled (32-bit)
 Heap Region Size: 1M
 Heap Min Capacity: 8M
 Heap Initial Capacity: 124M
 Heap Max Capacity: 2G
 Pre-touch: Disabled
 Parallel Workers: 4
 Concurrent Workers: 1
 Concurrent Refinement Workers: 4
 Periodic GC: Disabled
Heap:
 garbage-first heap   total 470016K, used 363520K [0x0000000080000000, 0x0000000100000000)
  region size 1024K, 39 young (39936K), 13 survivors (13312K)
 Metaspace       used 159504K, committed 162112K, reserved 1245184K
  class space    used 21200K, committed 22528K, reserved 1048576K
GC Heap History (20 events):
Event: 865.394 GC heap before
{Heap before GC invocations=63 (full 0):
 garbage-first heap   total 388096K, used 356864K [0x0000000080000000, 0x0000000100000000)
  region size 1024K, 145 young (148480K), 6 survivors (6144K)
 Metaspace       used 138952K, committed 141440K, reserved 1179648K
  class space    used 18678K, committed 19904K, reserved 1048576K
}
Event: 865.679 GC heap after
{Heap after GC invocations=64 (full 0):
 garbage-first heap   total 388096K, used 221184K [0x0000000080000000, 0x0000000100000000)
  region size 1024K, 13 young (13312K), 13 survivors (13312K)
 Metaspace       used 138952K, committed 141440K, reserved 1179648K
  class space    used 18678K, committed 19904K, reserved 1048576K
}
Event: 877.689 GC heap before
{Heap before GC invocations=64 (full 0):
 garbage-first heap   total 388096K, used 353280K [0x0000000080000000, 0x0000000100000000)
  region size 1024K, 143 young (146432K), 13 survivors (13312K)
 Metaspace       used 140828K, committed 143360K, reserved 1179648K
  class space    used 18883K, committed 20160K, reserved 1048576K
}
Event: 877.823 GC heap after
{Heap after GC invocations=65 (full 0):
 garbage-first heap   total 388096K, used 232960K [0x0000000080000000, 0x0000000100000000)
  region size 1024K, 13 young (13312K), 13 survivors (13312K)
 Metaspace       used 140828K, committed 143360K, reserved 1179648K
  class space    used 18883K, committed 20160K, reserved 1048576K
}
Event: 881.773 GC heap before
{Heap before GC invocations=66 (full 0):
 garbage-first heap   total 421888K, used 382464K [0x0000000080000000, 0x0000000100000000)
  region size 1024K, 129 young (132096K), 13 survivors (13312K)
 Metaspace       used 141973K, committed 144512K, reserved 1179648K
  class space    used 18957K, committed 20224K, reserved 1048576K
}
Event: 881.816 GC heap after
{Heap after GC invocations=67 (full 0):
 garbage-first heap   total 427008K, used 264704K [0x0000000080000000, 0x0000000100000000)
  region size 1024K, 17 young (17408K), 17 survivors (17408K)
 Metaspace       used 141973K, committed 144512K, reserved 1179648K
  class space    used 18957K, committed 20224K, reserved 1048576K
}
Event: 881.850 GC heap before
{Heap before GC invocations=67 (full 0):
 garbage-first heap   total 427008K, used 267776K [0x0000000080000000, 0x0000000100000000)
  region size 1024K, 20 young (20480K), 17 survivors (17408K)
 Metaspace       used 142022K, committed 144576K, reserved 1179648K
  class space    used 18962K, committed 20224K, reserved 1048576K
}
Event: 881.871 GC heap after
{Heap after GC invocations=68 (full 0):
 garbage-first heap   total 427008K, used 266240K [0x0000000080000000, 0x0000000100000000)
  region size 1024K, 2 young (2048K), 2 survivors (2048K)
 Metaspace       used 142022K, committed 144576K, reserved 1179648K
  class space    used 18962K, committed 20224K, reserved 1048576K
}
Event: 883.587 GC heap before
{Heap before GC invocations=68 (full 0):
 garbage-first heap   total 427008K, used 377856K [0x0000000080000000, 0x0000000100000000)
  region size 1024K, 112 young (114688K), 2 survivors (2048K)
 Metaspace       used 146017K, committed 148608K, reserved 1179648K
  class space    used 19307K, committed 20608K, reserved 1048576K
}
Event: 883.598 GC heap after
{Heap after GC invocations=69 (full 0):
 garbage-first heap   total 427008K, used 270175K [0x0000000080000000, 0x0000000100000000)
  region size 1024K, 6 young (6144K), 6 survivors (6144K)
 Metaspace       used 146017K, committed 148608K, reserved 1179648K
  class space    used 19307K, committed 20608K, reserved 1048576K
}
Event: 886.658 GC heap before
{Heap before GC invocations=69 (full 0):
 garbage-first heap   total 427008K, used 389983K [0x0000000080000000, 0x0000000100000000)
  region size 1024K, 118 young (120832K), 6 survivors (6144K)
 Metaspace       used 148946K, committed 151488K, reserved 1179648K
  class space    used 19629K, committed 20928K, reserved 1048576K
}
Event: 886.680 GC heap after
{Heap after GC invocations=70 (full 0):
 garbage-first heap   total 427008K, used 265932K [0x0000000080000000, 0x0000000100000000)
  region size 1024K, 5 young (5120K), 5 survivors (5120K)
 Metaspace       used 148946K, committed 151488K, reserved 1179648K
  class space    used 19629K, committed 20928K, reserved 1048576K
}
Event: 886.702 GC heap before
{Heap before GC invocations=70 (full 0):
 garbage-first heap   total 427008K, used 267980K [0x0000000080000000, 0x0000000100000000)
  region size 1024K, 8 young (8192K), 5 survivors (5120K)
 Metaspace       used 148983K, committed 151552K, reserved 1179648K
  class space    used 19634K, committed 20928K, reserved 1048576K
}
Event: 886.714 GC heap after
{Heap after GC invocations=71 (full 0):
 garbage-first heap   total 427008K, used 266686K [0x0000000080000000, 0x0000000100000000)
  region size 1024K, 6 young (6144K), 6 survivors (6144K)
 Metaspace       used 148983K, committed 151552K, reserved 1179648K
  class space    used 19634K, committed 20928K, reserved 1048576K
}
Event: 889.067 GC heap before
{Heap before GC invocations=72 (full 0):
 garbage-first heap   total 470016K, used 422334K [0x0000000080000000, 0x0000000100000000)
  region size 1024K, 130 young (133120K), 6 survivors (6144K)
 Metaspace       used 155657K, committed 158272K, reserved 1245184K
  class space    used 20740K, committed 22016K, reserved 1048576K
}
Event: 889.114 GC heap after
{Heap after GC invocations=73 (full 0):
 garbage-first heap   total 470016K, used 302080K [0x0000000080000000, 0x0000000100000000)
  region size 1024K, 17 young (17408K), 17 survivors (17408K)
 Metaspace       used 155657K, committed 158272K, reserved 1245184K
  class space    used 20740K, committed 22016K, reserved 1048576K
}
Event: 889.580 GC heap before
{Heap before GC invocations=73 (full 0):
 garbage-first heap   total 470016K, used 346111K [0x0000000080000000, 0x0000000100000000)
  region size 1024K, 60 young (61440K), 17 survivors (17408K)
 Metaspace       used 155911K, committed 158464K, reserved 1245184K
  class space    used 20745K, committed 22016K, reserved 1048576K
}
Event: 889.656 GC heap after
{Heap after GC invocations=74 (full 0):
 garbage-first heap   total 470016K, used 321536K [0x0000000080000000, 0x0000000100000000)
  region size 1024K, 8 young (8192K), 8 survivors (8192K)
 Metaspace       used 155911K, committed 158464K, reserved 1245184K
  class space    used 20745K, committed 22016K, reserved 1048576K
}
Event: 891.154 GC heap before
{Heap before GC invocations=74 (full 0):
 garbage-first heap   total 470016K, used 413696K [0x0000000080000000, 0x0000000100000000)
  region size 1024K, 99 young (101376K), 8 survivors (8192K)
 Metaspace       used 158335K, committed 160832K, reserved 1245184K
  class space    used 21055K, committed 22336K, reserved 1048576K
}
Event: 891.230 GC heap after
{Heap after GC invocations=75 (full 0):
 garbage-first heap   total 470016K, used 338944K [0x0000000080000000, 0x0000000100000000)
  region size 1024K, 13 young (13312K), 13 survivors (13312K)
 Metaspace       used 158335K, committed 160832K, reserved 1245184K
  class space    used 21055K, committed 22336K, reserved 1048576K
}

